Tue May 07 20:21:55 SGT 2024 : Apache Derby Network Server - 10.10.2.0 - (1582446) started and ready to accept connections on port 1527
----------------------------------------------------------------
Tue May 07 20:21:55 SGT 2024:
Booting Derby version The Apache Software Foundation - Apache Derby - 10.10.2.0 - (1582446): instance a816c00e-018f-5300-d8c9-ffff86bbf25f 
on database directory C:\Users\donne\OneDrive\Documents\NetBeansProjects\FinalResProg\USERACC with class loader sun.misc.Launcher$AppClassLoader@1d44bcfa 
Loaded from file:/C:/Program%20Files/glassfish-4.1.1/javadb/lib/derby.jar
java.vendor=Oracle Corporation
java.runtime.version=1.8.0_391-b13
user.dir=C:\Program Files\glassfish-4.1.1\javadb
os.name=Windows 11
os.arch=amd64
os.version=10.0
derby.system.home=C:\Users\donne\OneDrive\Documents\NetBeansProjects\FinalResProg
Database Class Loader started - derby.database.classpath=''
----------------------------------------------------------------
Tue May 07 20:21:56 SGT 2024:
Shutting down instance a816c00e-018f-5300-d8c9-ffff86bbf25f on database directory C:\Users\donne\OneDrive\Documents\NetBeansProjects\FinalResProg\USERACC with class loader sun.misc.Launcher$AppClassLoader@1d44bcfa 
Tue May 07 20:21:56 SGT 2024 Thread[DRDAConnThread_3,5,main] (DATABASE = USERACC), (DRDAID = {2}), Database 'USERACC' shutdown.
----------------------------------------------------------------
Tue May 07 20:22:03 SGT 2024:
Booting Derby version The Apache Software Foundation - Apache Derby - 10.10.2.0 - (1582446): instance 560740aa-018f-5300-d8c9-ffff86bbf25f 
on database directory C:\Users\donne\OneDrive\Documents\NetBeansProjects\FinalResProg\USERACC with class loader sun.misc.Launcher$AppClassLoader@1d44bcfa 
Loaded from file:/C:/Program%20Files/glassfish-4.1.1/javadb/lib/derby.jar
java.vendor=Oracle Corporation
java.runtime.version=1.8.0_391-b13
user.dir=C:\Program Files\glassfish-4.1.1\javadb
os.name=Windows 11
os.arch=amd64
os.version=10.0
derby.system.home=C:\Users\donne\OneDrive\Documents\NetBeansProjects\FinalResProg
Database Class Loader started - derby.database.classpath=''
----------------------------------------------------------------
Wed May 08 01:20:05 SGT 2024: Shutting down Derby engine
----------------------------------------------------------------
Wed May 08 01:20:05 SGT 2024:
Shutting down instance 560740aa-018f-5300-d8c9-ffff86bbf25f on database directory C:\Users\donne\OneDrive\Documents\NetBeansProjects\FinalResProg\USERACC with class loader sun.misc.Launcher$AppClassLoader@1d44bcfa 
----------------------------------------------------------------
